0 info it worked if it ends with ok
1 verbose cli [ 'node', '/usr/local/bin/npm', 'install', 'corodova', '-g' ]
2 info using npm@1.3.11
3 info using node@v0.10.21
4 verbose cache add [ 'corodova', null ]
5 verbose cache add name=undefined spec="corodova" args=["corodova",null]
6 verbose parsed url { protocol: null,
6 verbose parsed url   slashes: null,
6 verbose parsed url   auth: null,
6 verbose parsed url   host: null,
6 verbose parsed url   port: null,
6 verbose parsed url   hostname: null,
6 verbose parsed url   hash: null,
6 verbose parsed url   search: null,
6 verbose parsed url   query: null,
6 verbose parsed url   pathname: 'corodova',
6 verbose parsed url   path: 'corodova',
6 verbose parsed url   href: 'corodova' }
7 silly lockFile 52fa281b-corodova corodova
8 verbose lock corodova /Users/manishkumar/.npm/52fa281b-corodova.lock
9 silly lockFile 52fa281b-corodova corodova
10 silly lockFile 52fa281b-corodova corodova
11 verbose addNamed [ 'corodova', '' ]
12 verbose addNamed [ null, '*' ]
13 silly lockFile 27a92b7b-corodova corodova@
14 verbose lock corodova@ /Users/manishkumar/.npm/27a92b7b-corodova.lock
15 silly addNameRange { name: 'corodova', range: '*', hasData: false }
16 verbose url raw corodova
17 verbose url resolving [ 'https://registry.npmjs.org/', './corodova' ]
18 verbose url resolved https://registry.npmjs.org/corodova
19 info trying registry request attempt 1 at 15:35:41
20 http GET https://registry.npmjs.org/corodova
21 http 404 https://registry.npmjs.org/corodova
22 silly registry.get cb [ 404,
22 silly registry.get   { 'content-type': 'application/json',
22 silly registry.get     'cache-control': 'max-age=0',
22 silly registry.get     'content-length': '2',
22 silly registry.get     'accept-ranges': 'bytes',
22 silly registry.get     date: 'Wed, 26 Aug 2015 10:05:42 GMT',
22 silly registry.get     via: '1.1 varnish',
22 silly registry.get     age: '0',
22 silly registry.get     connection: 'keep-alive',
22 silly registry.get     'x-served-by': 'cache-sin6927-SIN',
22 silly registry.get     'x-cache': 'MISS',
22 silly registry.get     'x-cache-hits': '0',
22 silly registry.get     'x-timer': 'S1440583542.662622,VS0,VE217' } ]
23 silly addNameRange number 2 { name: 'corodova', range: '*', hasData: true }
24 silly addNameRange versions [ undefined, [] ]
25 error TypeError: Cannot read property 'latest' of undefined
25 error     at next (/usr/local/lib/node_modules/npm/lib/cache.js:687:35)
25 error     at /usr/local/lib/node_modules/npm/lib/cache.js:675:5
25 error     at saved (/usr/local/lib/node_modules/npm/node_modules/npm-registry-client/lib/get.js:142:7)
25 error     at /usr/local/lib/node_modules/npm/node_modules/graceful-fs/polyfills.js:133:7
25 error     at Object.oncomplete (fs.js:107:15)
26 error If you need help, you may report this log at:
26 error     <http://github.com/isaacs/npm/issues>
26 error or email it to:
26 error     <npm-@googlegroups.com>
27 error System Darwin 14.4.0
28 error command "node" "/usr/local/bin/npm" "install" "corodova" "-g"
29 error cwd /Users/manishkumar/repos/salesforce-marvel/Salesforce-Marvel-Hybrid/SFMarvel
30 error node -v v0.10.21
31 error npm -v 1.3.11
32 error type non_object_property_load
33 verbose exit [ 1, true ]
